<?xml version="1.0" encoding="UTF-8"?>
<!-- Generated by org.testng.reporters.JUnitReportReporter -->
<testsuite hostname="SYNPYBRL9161DGW" failures="0" tests="1" name="Sypi.Selenium_Demo_Practice.AppTest" time="0.007" errors="0" timestamp="2024-12-03T11:19:59 IST" skipped="0">
  <testcase classname="Sypi.Selenium_Demo_Practice.AppTest" name="testApp" time="0.007"/>
  <system-out/>
</testsuite> <!-- Sypi.Selenium_Demo_Practice.AppTest -->
